<?xml version="1.0" encoding="UTF-8"?>
<testsuite name="edu.clevertec.check.controller.ProductControllerTest$GetTest" tests="2" skipped="0" failures="0" errors="0" timestamp="2023-02-26T14:09:21" hostname="DESKTOP-H3UOLLG" time="0.586">
  <properties/>
  <testcase name="doGet_statusOK()" classname="edu.clevertec.check.controller.ProductControllerTest$GetTest" time="0.293"/>
  <testcase name="doGet_status()" classname="edu.clevertec.check.controller.ProductControllerTest$GetTest" time="0.277"/>
  <system-out><![CDATA[17:09:21.833 [Test worker] INFO  org.eclipse.jetty.server.Server - jetty-9.4.3.v20170317
17:09:21.840 [Test worker] INFO  org.eclipse.jetty.server.AbstractConnector - Started ServerConnector@1bc49bc5{HTTP/1.1,[http/1.1]}{0.0.0.0:6001}
17:09:21.840 [Test worker] INFO  org.eclipse.jetty.server.Server - Started @13146ms
17:09:21.846 [qtp275002771-147] INFO  edu.clevertec.check.controller.ProductController - Starting ProductController for GET request: /products/2
17:09:21.946 [qtp275002771-147] INFO  edu.clevertec.check.repository.impl.ProductRepoImpl - The entity was found in the database: Product(id=2, name=brot, price=1.5, isPromotional=false)
17:09:21.949 [qtp275002771-147] INFO  edu.clevertec.check.controller.ProductController - Stopping ProductController for GET request: /products/2
 @AfterEach
--  SET "user" TO product_market_test;
-- create schema product_market_test_java;
-- SHOW search_path;
-- DROP TABLE IF EXISTS product;
-- DROP TABLE IF EXISTS discount_card;
drop table product

drop table discount_card

create table product
(
    id          SERIAL PRIMARY KEY,
    name        varchar(25),
    price        double precision,
    is_promotional boolean
)

------------------------------------------------------------
create table discount_card
(
    id   SERIAL PRIMARY KEY,
    name        varchar(25),
    discount int,
    number  int
)

insert into product ( name, price, is_promotional ) values
 ('milk', 1.0, true),
 ('brot', 1.5, false),
 ('icecream', 2.0, true),
 ('chocolate', 2.5, false),
 ('chicken', 3.0, true),
 ('pizza', 3.5, false),
 ('pudding', 4.0, true),
 ('popcorn', 4.5, false),
 ('pie', 5.0, true)

insert into discount_card (name, discount, number) values
 ( 'mastercard',10, 11111),
 ( 'mastercard',20, 22222),
 ( 'mastercard',30, 33333),
 ( 'mastercard',40, 44444),
 ( 'mastercard',50, 55555),
 ( 'mastercard',60, 66666),
 ( 'mastercard',70, 77777),
 ( 'mastercard',80, 88888),
 ( 'mastercard',90, 99999)

-- DROP DATABASE product_market;
-- drop table discount_card;
-- drop table product;
-- drop table discount_card;
--
-- SELECT nextval('product_id_seq'::regclass);
-- select setval('product_id_seq',9);
17:09:22.057 [Test worker] INFO  org.eclipse.jetty.server.AbstractConnector - Stopped ServerConnector@1bc49bc5{HTTP/1.1,[http/1.1]}{0.0.0.0:6001}
17:09:22.134 [Test worker] INFO  org.eclipse.jetty.server.Server - jetty-9.4.3.v20170317
17:09:22.142 [Test worker] INFO  org.eclipse.jetty.server.AbstractConnector - Started ServerConnector@42373389{HTTP/1.1,[http/1.1]}{0.0.0.0:6001}
17:09:22.142 [Test worker] INFO  org.eclipse.jetty.server.Server - Started @13449ms
17:09:22.147 [qtp1332150216-163] INFO  edu.clevertec.check.controller.ProductController - Starting ProductController for GET request: /products/2
17:09:22.232 [qtp1332150216-163] INFO  edu.clevertec.check.repository.impl.ProductRepoImpl - The entity was found in the database: Product(id=2, name=brot, price=1.5, isPromotional=false)
17:09:22.239 [qtp1332150216-163] INFO  edu.clevertec.check.controller.ProductController - Stopping ProductController for GET request: /products/2
 @AfterEach
--  SET "user" TO product_market_test;
-- create schema product_market_test_java;
-- SHOW search_path;
-- DROP TABLE IF EXISTS product;
-- DROP TABLE IF EXISTS discount_card;
drop table product

drop table discount_card

create table product
(
    id          SERIAL PRIMARY KEY,
    name        varchar(25),
    price        double precision,
    is_promotional boolean
)

------------------------------------------------------------
create table discount_card
(
    id   SERIAL PRIMARY KEY,
    name        varchar(25),
    discount int,
    number  int
)

insert into product ( name, price, is_promotional ) values
 ('milk', 1.0, true),
 ('brot', 1.5, false),
 ('icecream', 2.0, true),
 ('chocolate', 2.5, false),
 ('chicken', 3.0, true),
 ('pizza', 3.5, false),
 ('pudding', 4.0, true),
 ('popcorn', 4.5, false),
 ('pie', 5.0, true)

insert into discount_card (name, discount, number) values
 ( 'mastercard',10, 11111),
 ( 'mastercard',20, 22222),
 ( 'mastercard',30, 33333),
 ( 'mastercard',40, 44444),
 ( 'mastercard',50, 55555),
 ( 'mastercard',60, 66666),
 ( 'mastercard',70, 77777),
 ( 'mastercard',80, 88888),
 ( 'mastercard',90, 99999)

-- DROP DATABASE product_market;
-- drop table discount_card;
-- drop table product;
-- drop table discount_card;
--
-- SELECT nextval('product_id_seq'::regclass);
-- select setval('product_id_seq',9);
17:09:22.351 [Test worker] INFO  org.eclipse.jetty.server.AbstractConnector - Stopped ServerConnector@42373389{HTTP/1.1,[http/1.1]}{0.0.0.0:6001}
]]></system-out>
  <system-err><![CDATA[]]></system-err>
</testsuite>
