<?xml version="1.0" encoding="UTF-8"?>
<testsuite name="edu.clevertec.check.controller.DiscountCardControllerTest$GetTest" tests="2" skipped="0" failures="0" errors="0" timestamp="2023-02-26T14:09:20" hostname="DESKTOP-H3UOLLG" time="0.631">
  <properties/>
  <testcase name="doGet_statusOK()" classname="edu.clevertec.check.controller.DiscountCardControllerTest$GetTest" time="0.363"/>
  <testcase name="doGet_status()" classname="edu.clevertec.check.controller.DiscountCardControllerTest$GetTest" time="0.261"/>
  <system-out><![CDATA[17:09:20.262 [Test worker] INFO  org.eclipse.jetty.server.Server - jetty-9.4.3.v20170317
17:09:20.269 [Test worker] INFO  org.eclipse.jetty.server.AbstractConnector - Started ServerConnector@17690e14{HTTP/1.1,[http/1.1]}{0.0.0.0:6001}
17:09:20.269 [Test worker] INFO  org.eclipse.jetty.server.Server - Started @11576ms
17:09:20.327 [qtp1727026317-73] INFO  edu.clevertec.check.controller.DiscountCardController - Starting DiscountCardController for GET request: /cards/2
17:09:20.444 [qtp1727026317-73] INFO  edu.clevertec.check.repository.impl.DiscountCardRepoImpl - The discountCard is find in the database: DiscountCard mastercard number 22222
17:09:20.446 [qtp1727026317-73] INFO  edu.clevertec.check.controller.DiscountCardController - Stopping DiscountCardController for GET request: /cards/2
 @AfterEach
--  SET "user" TO product_market_test;
-- create schema product_market_test_java;
-- SHOW search_path;
-- DROP TABLE IF EXISTS product;
-- DROP TABLE IF EXISTS discount_card;
drop table product

drop table discount_card

create table product
(
    id          SERIAL PRIMARY KEY,
    name        varchar(25),
    price        double precision,
    is_promotional boolean
)

------------------------------------------------------------
create table discount_card
(
    id   SERIAL PRIMARY KEY,
    name        varchar(25),
    discount int,
    number  int
)

insert into product ( name, price, is_promotional ) values
 ('milk', 1.0, true),
 ('brot', 1.5, false),
 ('icecream', 2.0, true),
 ('chocolate', 2.5, false),
 ('chicken', 3.0, true),
 ('pizza', 3.5, false),
 ('pudding', 4.0, true),
 ('popcorn', 4.5, false),
 ('pie', 5.0, true)

insert into discount_card (name, discount, number) values
 ( 'mastercard',10, 11111),
 ( 'mastercard',20, 22222),
 ( 'mastercard',30, 33333),
 ( 'mastercard',40, 44444),
 ( 'mastercard',50, 55555),
 ( 'mastercard',60, 66666),
 ( 'mastercard',70, 77777),
 ( 'mastercard',80, 88888),
 ( 'mastercard',90, 99999)

-- DROP DATABASE product_market;
-- drop table discount_card;
-- drop table product;
-- drop table discount_card;
--
-- SELECT nextval('product_id_seq'::regclass);
-- select setval('product_id_seq',9);
17:09:20.541 [Test worker] INFO  org.eclipse.jetty.server.AbstractConnector - Stopped ServerConnector@17690e14{HTTP/1.1,[http/1.1]}{0.0.0.0:6001}
17:09:20.619 [Test worker] INFO  org.eclipse.jetty.server.Server - jetty-9.4.3.v20170317
17:09:20.625 [Test worker] INFO  org.eclipse.jetty.server.AbstractConnector - Started ServerConnector@320a8ebf{HTTP/1.1,[http/1.1]}{0.0.0.0:6001}
17:09:20.625 [Test worker] INFO  org.eclipse.jetty.server.Server - Started @11933ms
17:09:20.630 [qtp707719282-89] INFO  edu.clevertec.check.controller.DiscountCardController - Starting DiscountCardController for GET request: /cards/2
17:09:20.701 [qtp707719282-89] INFO  edu.clevertec.check.repository.impl.DiscountCardRepoImpl - The discountCard is find in the database: DiscountCard mastercard number 22222
17:09:20.703 [qtp707719282-89] INFO  edu.clevertec.check.controller.DiscountCardController - Stopping DiscountCardController for GET request: /cards/2
 @AfterEach
--  SET "user" TO product_market_test;
-- create schema product_market_test_java;
-- SHOW search_path;
-- DROP TABLE IF EXISTS product;
-- DROP TABLE IF EXISTS discount_card;
drop table product

drop table discount_card

create table product
(
    id          SERIAL PRIMARY KEY,
    name        varchar(25),
    price        double precision,
    is_promotional boolean
)

------------------------------------------------------------
create table discount_card
(
    id   SERIAL PRIMARY KEY,
    name        varchar(25),
    discount int,
    number  int
)

insert into product ( name, price, is_promotional ) values
 ('milk', 1.0, true),
 ('brot', 1.5, false),
 ('icecream', 2.0, true),
 ('chocolate', 2.5, false),
 ('chicken', 3.0, true),
 ('pizza', 3.5, false),
 ('pudding', 4.0, true),
 ('popcorn', 4.5, false),
 ('pie', 5.0, true)

insert into discount_card (name, discount, number) values
 ( 'mastercard',10, 11111),
 ( 'mastercard',20, 22222),
 ( 'mastercard',30, 33333),
 ( 'mastercard',40, 44444),
 ( 'mastercard',50, 55555),
 ( 'mastercard',60, 66666),
 ( 'mastercard',70, 77777),
 ( 'mastercard',80, 88888),
 ( 'mastercard',90, 99999)

-- DROP DATABASE product_market;
-- drop table discount_card;
-- drop table product;
-- drop table discount_card;
--
-- SELECT nextval('product_id_seq'::regclass);
-- select setval('product_id_seq',9);
17:09:20.799 [Test worker] INFO  org.eclipse.jetty.server.AbstractConnector - Stopped ServerConnector@320a8ebf{HTTP/1.1,[http/1.1]}{0.0.0.0:6001}
]]></system-out>
  <system-err><![CDATA[]]></system-err>
</testsuite>
