<?xml version="1.0" encoding="UTF-8"?>
<testsuite name="edu.clevertec.check.service.impl.ProductServiceImplTest$DeleteBuIdProductTest" tests="1" skipped="0" failures="0" errors="0" timestamp="2023-02-26T14:09:31" hostname="DESKTOP-H3UOLLG" time="0.113">
  <properties/>
  <testcase name="deleteBuIdProduct()" classname="edu.clevertec.check.service.impl.ProductServiceImplTest$DeleteBuIdProductTest" time="0.113"/>
  <system-out><![CDATA[]]></system-out>
  <system-err><![CDATA[]]></system-err>
</testsuite>
