<?xml version="1.0" encoding="UTF-8"?>
<testsuite name="edu.clevertec.check.service.OutputCheckServiceTest" tests="2" skipped="0" failures="0" errors="0" timestamp="2023-02-20T09:06:08" hostname="DESKTOP-H3UOLLG" time="1.045">
  <properties/>
  <testcase name="printCheckToFile()" classname="edu.clevertec.check.service.OutputCheckServiceTest" time="0.004"/>
  <testcase name="printCheckToConsole()" classname="edu.clevertec.check.service.OutputCheckServiceTest" time="1.041"/>
  <system-out><![CDATA[12:06:08.070 [Test worker] INFO  e.c.check.service.OutputCheckService - Print check to File...
]]></system-out>
  <system-err><![CDATA[]]></system-err>
</testsuite>
