<?xml version="1.0" encoding="UTF-8"?>
<testsuite name="edu.clevertec.check.service.impl.DiscountCardServiceImplTest$FindAllDiscountCardTest" tests="2" skipped="0" failures="0" errors="0" timestamp="2023-02-26T14:09:31" hostname="DESKTOP-H3UOLLG" time="0.012">
  <properties/>
  <testcase name="findAllAllPageSizeAndSizeListDiscountCard()" classname="edu.clevertec.check.service.impl.DiscountCardServiceImplTest$FindAllDiscountCardTest" time="0.006"/>
  <testcase name="findAllAllPageSizeListDiscountCard()" classname="edu.clevertec.check.service.impl.DiscountCardServiceImplTest$FindAllDiscountCardTest" time="0.004"/>
  <system-out><![CDATA[]]></system-out>
  <system-err><![CDATA[]]></system-err>
</testsuite>
