<?xml version="1.0" encoding="UTF-8"?>
<testsuite name="edu.clevertec.check.CheckRunnerTest" tests="1" skipped="0" failures="0" errors="0" timestamp="2023-02-26T14:09:11" hostname="DESKTOP-H3UOLLG" time="4.198">
  <properties/>
  <testcase name="main()" classname="edu.clevertec.check.CheckRunnerTest" time="4.198"/>
  <system-out><![CDATA[17:09:11.611 [Test worker] INFO  edu.clevertec.check.CheckRunner - Input args: 1-1 2-2 3-3 4-4 5-5 6-6 7-7 8-8 9-9 mastercard-11111
17:09:11.657 [Test worker] INFO  edu.clevertec.check.validation.impl.DataValidation - String args is Found
17:09:12.411 [Test worker] INFO  edu.clevertec.check.repository.impl.ProductRepoImpl - The entity was found in the database: Product(id=1, name=milk, price=1.0, isPromotional=true)
17:09:12.528 [Test worker] INFO  edu.clevertec.check.repository.impl.ProductRepoImpl - The entity was found in the database: Product(id=2, name=brot, price=1.5, isPromotional=false)
17:09:12.620 [Test worker] INFO  edu.clevertec.check.repository.impl.ProductRepoImpl - The entity was found in the database: Product(id=3, name=icecream, price=2.0, isPromotional=true)
17:09:12.723 [Test worker] INFO  edu.clevertec.check.repository.impl.ProductRepoImpl - The entity was found in the database: Product(id=4, name=chocolate, price=2.5, isPromotional=false)
17:09:12.837 [Test worker] INFO  edu.clevertec.check.repository.impl.ProductRepoImpl - The entity was found in the database: Product(id=5, name=chicken, price=3.0, isPromotional=true)
17:09:12.926 [Test worker] INFO  edu.clevertec.check.repository.impl.ProductRepoImpl - The entity was found in the database: Product(id=6, name=pizza, price=3.5, isPromotional=false)
17:09:12.988 [Test worker] INFO  edu.clevertec.check.repository.impl.ProductRepoImpl - The entity was found in the database: Product(id=7, name=pudding, price=4.0, isPromotional=true)
17:09:13.123 [Test worker] INFO  edu.clevertec.check.repository.impl.ProductRepoImpl - The entity was found in the database: Product(id=8, name=popcorn, price=4.5, isPromotional=false)
17:09:13.174 [Test worker] INFO  edu.clevertec.check.repository.impl.ProductRepoImpl - The entity was found in the database: Product(id=9, name=pie, price=5.0, isPromotional=true)
17:09:13.177 [Test worker] INFO  edu.clevertec.check.validation.impl.DiscountCardValidationImpl - number DiscountCard is valid
17:09:13.178 [Test worker] INFO  edu.clevertec.check.validation.impl.DiscountCardValidationImpl - name DiscountCard is valid
17:09:13.234 [Test worker] INFO  edu.clevertec.check.repository.impl.DiscountCardRepoImpl - The entity was found in the database: DiscountCard mastercard number 11111
17:09:13.235 [Test worker] INFO  edu.clevertec.check.repository.impl.DiscountCardRepoImpl - The entity was found in the database: DiscountCard mastercard number 22222
17:09:13.235 [Test worker] INFO  edu.clevertec.check.repository.impl.DiscountCardRepoImpl - The entity was found in the database: DiscountCard mastercard number 33333
17:09:13.235 [Test worker] INFO  edu.clevertec.check.repository.impl.DiscountCardRepoImpl - The entity was found in the database: DiscountCard mastercard number 44444
17:09:13.235 [Test worker] INFO  edu.clevertec.check.repository.impl.DiscountCardRepoImpl - The entity was found in the database: DiscountCard mastercard number 55555
17:09:13.235 [Test worker] INFO  edu.clevertec.check.repository.impl.DiscountCardRepoImpl - The entity was found in the database: DiscountCard mastercard number 66666
17:09:13.235 [Test worker] INFO  edu.clevertec.check.repository.impl.DiscountCardRepoImpl - The entity was found in the database: DiscountCard mastercard number 77777
17:09:13.236 [Test worker] INFO  edu.clevertec.check.repository.impl.DiscountCardRepoImpl - The entity was found in the database: DiscountCard mastercard number 88888
17:09:13.236 [Test worker] INFO  edu.clevertec.check.repository.impl.DiscountCardRepoImpl - The entity was found in the database: DiscountCard mastercard number 99999
!!![DiscountCard mastercard number 11111, DiscountCard mastercard number 22222, DiscountCard mastercard number 33333, DiscountCard mastercard number 44444, DiscountCard mastercard number 55555, DiscountCard mastercard number 66666, DiscountCard mastercard number 77777, DiscountCard mastercard number 88888, DiscountCard mastercard number 99999]
17:09:13.434 [Test worker] INFO  edu.clevertec.check.repository.impl.DiscountCardRepoImpl - The entity was found in the database: DiscountCard mastercard number 11111
17:09:13.435 [Test worker] INFO  edu.clevertec.check.repository.impl.DiscountCardRepoImpl - The entity was found in the database: DiscountCard mastercard number 22222
17:09:13.435 [Test worker] INFO  edu.clevertec.check.repository.impl.DiscountCardRepoImpl - The entity was found in the database: DiscountCard mastercard number 33333
17:09:13.435 [Test worker] INFO  edu.clevertec.check.repository.impl.DiscountCardRepoImpl - The entity was found in the database: DiscountCard mastercard number 44444
17:09:13.435 [Test worker] INFO  edu.clevertec.check.repository.impl.DiscountCardRepoImpl - The entity was found in the database: DiscountCard mastercard number 55555
17:09:13.435 [Test worker] INFO  edu.clevertec.check.repository.impl.DiscountCardRepoImpl - The entity was found in the database: DiscountCard mastercard number 66666
17:09:13.435 [Test worker] INFO  edu.clevertec.check.repository.impl.DiscountCardRepoImpl - The entity was found in the database: DiscountCard mastercard number 77777
17:09:13.436 [Test worker] INFO  edu.clevertec.check.repository.impl.DiscountCardRepoImpl - The entity was found in the database: DiscountCard mastercard number 88888
17:09:13.436 [Test worker] INFO  edu.clevertec.check.repository.impl.DiscountCardRepoImpl - The entity was found in the database: DiscountCard mastercard number 99999
!!![DiscountCard mastercard number 11111, DiscountCard mastercard number 22222, DiscountCard mastercard number 33333, DiscountCard mastercard number 44444, DiscountCard mastercard number 55555, DiscountCard mastercard number 66666, DiscountCard mastercard number 77777, DiscountCard mastercard number 88888, DiscountCard mastercard number 99999]
!!!!DiscountCard mastercard number 11111
*     The item chicken is promotional
*     Its amount is more than 5
*     You get a 10% discount 
*     The cost chicken will be:$2,7
*     Instead of $3.0        
5     chicken           $2,7       $13,5     
1     milk              $1.0       $1        
2     brot              $1.5       $3        
6     pizza             $3.5       $21       
*     The item pie is promotional
*     Its amount is more than 5
*     You get a 10% discount 
*     The cost pie will be:$4,5
*     Instead of $5.0        
9     pie               $4,5       $40,5     
8     popcorn           $4.5       $36       
*     The item pudding is promotional
*     Its amount is more than 5
*     You get a 10% discount 
*     The cost pudding will be:$3,6
*     Instead of $4.0        
7     pudding           $3,6       $25,2     
4     chocolate         $2.5       $10       
3     icecream          $2.0       $6        
----------------------------------------
#	  DiscountCard mastercard number 11111
#	  has been provided
#	  Included 10% discount
----------------------------------------
####  Total cost:                 $140,58
17:09:15.170 [Test worker] INFO  edu.clevertec.check.service.OutputCheckService - Print check to console...
****************************************
*               Dionis                 *
*           EKE "Centrail"             *
*              +375445581844           *
ZWDN:304219              CKHO:300030394
REGN:3100016076           UNP:390286042
KASSA:0001 Change:000750  DKH:000271821
31 Osipova Tatiana     CHK:01/000000285
TIME  17:09:15		   DATE  2023-02-26
----------------------------------------
QTY   DESCRIPTION       PRICE      TOTAL
*     The item chicken is promotional
*     Its amount is more than 5
*     You get a 10% discount 
*     The cost chicken will be:$2,7
*     Instead of $3.0        
5     chicken           $2,7       $13,5     
1     milk              $1.0       $1        
2     brot              $1.5       $3        
6     pizza             $3.5       $21       
*     The item pie is promotional
*     Its amount is more than 5
*     You get a 10% discount 
*     The cost pie will be:$4,5
*     Instead of $5.0        
9     pie               $4,5       $40,5     
8     popcorn           $4.5       $36       
*     The item pudding is promotional
*     Its amount is more than 5
*     You get a 10% discount 
*     The cost pudding will be:$3,6
*     Instead of $4.0        
7     pudding           $3,6       $25,2     
4     chocolate         $2.5       $10       
3     icecream          $2.0       $6        
----------------------------------------
#	  DiscountCard mastercard number 11111
#	  has been provided
#	  Included 10% discount
----------------------------------------
####  Total cost:                 $140,58
]]></system-out>
  <system-err><![CDATA[]]></system-err>
</testsuite>
