<?xml version="1.0" encoding="UTF-8"?>
<testsuite name="edu.clevertec.check.repository.impl.DiscountCardRepoImplTest" tests="9" skipped="0" failures="0" errors="0" timestamp="2022-12-27T11:01:27" hostname="DESKTOP-H3UOLLG" time="1.183">
  <properties/>
  <testcase name="delete()" classname="edu.clevertec.check.repository.impl.DiscountCardRepoImplTest" time="0.259"/>
  <testcase name="testFindAll()" classname="edu.clevertec.check.repository.impl.DiscountCardRepoImplTest" time="0.083"/>
  <testcase name="findAll()" classname="edu.clevertec.check.repository.impl.DiscountCardRepoImplTest" time="0.088"/>
  <testcase name="update()" classname="edu.clevertec.check.repository.impl.DiscountCardRepoImplTest" time="0.132"/>
  <testcase name="findById()" classname="edu.clevertec.check.repository.impl.DiscountCardRepoImplTest" time="0.127"/>
  <testcase name="save()" classname="edu.clevertec.check.repository.impl.DiscountCardRepoImplTest" time="0.116"/>
  <testcase name="testFindAll1()" classname="edu.clevertec.check.repository.impl.DiscountCardRepoImplTest" time="0.122"/>
  <testcase name="testFindAll2()" classname="edu.clevertec.check.repository.impl.DiscountCardRepoImplTest" time="0.124"/>
  <testcase name="findByNumber()" classname="edu.clevertec.check.repository.impl.DiscountCardRepoImplTest" time="0.126"/>
  <system-out><![CDATA[]]></system-out>
  <system-err><![CDATA[]]></system-err>
</testsuite>
