<?xml version="1.0" encoding="UTF-8"?>
<testsuite name="edu.clevertec.check.repository.impl.ProductRepoImplTest" tests="6" skipped="0" failures="0" errors="0" timestamp="2022-12-27T11:01:28" hostname="DESKTOP-H3UOLLG" time="0.833">
  <properties/>
  <testcase name="delete()" classname="edu.clevertec.check.repository.impl.ProductRepoImplTest" time="0.124"/>
  <testcase name="testFindAll()" classname="edu.clevertec.check.repository.impl.ProductRepoImplTest" time="0.131"/>
  <testcase name="findAll()" classname="edu.clevertec.check.repository.impl.ProductRepoImplTest" time="0.13"/>
  <testcase name="update()" classname="edu.clevertec.check.repository.impl.ProductRepoImplTest" time="0.113"/>
  <testcase name="findById()" classname="edu.clevertec.check.repository.impl.ProductRepoImplTest" time="0.112"/>
  <testcase name="save()" classname="edu.clevertec.check.repository.impl.ProductRepoImplTest" time="0.22"/>
  <system-out><![CDATA[]]></system-out>
  <system-err><![CDATA[]]></system-err>
</testsuite>
