<?xml version="1.0" encoding="UTF-8"?>
<testsuite name="edu.clevertec.check.service.impl.DiscountCardServiceImplTest" tests="7" skipped="0" failures="0" errors="0" timestamp="2022-12-27T11:01:30" hostname="DESKTOP-H3UOLLG" time="0.816">
  <properties/>
  <testcase name="delete()" classname="edu.clevertec.check.service.impl.DiscountCardServiceImplTest" time="0.135"/>
  <testcase name="testFindAll()" classname="edu.clevertec.check.service.impl.DiscountCardServiceImplTest" time="0.118"/>
  <testcase name="findAll()" classname="edu.clevertec.check.service.impl.DiscountCardServiceImplTest" time="0.115"/>
  <testcase name="update()" classname="edu.clevertec.check.service.impl.DiscountCardServiceImplTest" time="0.111"/>
  <testcase name="findById()" classname="edu.clevertec.check.service.impl.DiscountCardServiceImplTest" time="0.111"/>
  <testcase name="save()" classname="edu.clevertec.check.service.impl.DiscountCardServiceImplTest" time="0.111"/>
  <testcase name="findByNumber()" classname="edu.clevertec.check.service.impl.DiscountCardServiceImplTest" time="0.109"/>
  <system-out><![CDATA[]]></system-out>
  <system-err><![CDATA[]]></system-err>
</testsuite>
