<?xml version="1.0" encoding="UTF-8"?>
<testsuite name="edu.clevertec.check.controller.DiscountCardControllerTest" tests="3" skipped="0" failures="0" errors="0" timestamp="2023-02-26T14:09:18" hostname="DESKTOP-H3UOLLG" time="1.387">
  <properties/>
  <testcase name="doDelete()" classname="edu.clevertec.check.controller.DiscountCardControllerTest" time="0.491"/>
  <testcase name="doPut()" classname="edu.clevertec.check.controller.DiscountCardControllerTest" time="0.548"/>
  <testcase name="doPostTest_statusOk()" classname="edu.clevertec.check.controller.DiscountCardControllerTest" time="0.319"/>
  <system-out><![CDATA[17:09:18.864 [Test worker] INFO  org.eclipse.jetty.server.Server - jetty-9.4.3.v20170317
17:09:18.872 [Test worker] INFO  org.eclipse.jetty.server.AbstractConnector - Started ServerConnector@2dfe5525{HTTP/1.1,[http/1.1]}{0.0.0.0:6001}
17:09:18.872 [Test worker] INFO  org.eclipse.jetty.server.Server - Started @10179ms
17:09:19.054 [qtp1041611526-38] INFO  edu.clevertec.check.controller.DiscountCardController - Starting DiscountCardController for DEL request: /cards/2
17:09:19.125 [qtp1041611526-38] INFO  edu.clevertec.check.repository.impl.DiscountCardRepoImpl - The entity was deleted in the database: id: 2
17:09:19.132 [qtp1041611526-38] INFO  edu.clevertec.check.controller.DiscountCardController - Stopping  DiscountCardController for DEL request: /cards/2
 @AfterEach
--  SET "user" TO product_market_test;
-- create schema product_market_test_java;
-- SHOW search_path;
-- DROP TABLE IF EXISTS product;
-- DROP TABLE IF EXISTS discount_card;
drop table product

drop table discount_card

create table product
(
    id          SERIAL PRIMARY KEY,
    name        varchar(25),
    price        double precision,
    is_promotional boolean
)

------------------------------------------------------------
create table discount_card
(
    id   SERIAL PRIMARY KEY,
    name        varchar(25),
    discount int,
    number  int
)

insert into product ( name, price, is_promotional ) values
 ('milk', 1.0, true),
 ('brot', 1.5, false),
 ('icecream', 2.0, true),
 ('chocolate', 2.5, false),
 ('chicken', 3.0, true),
 ('pizza', 3.5, false),
 ('pudding', 4.0, true),
 ('popcorn', 4.5, false),
 ('pie', 5.0, true)

insert into discount_card (name, discount, number) values
 ( 'mastercard',10, 11111),
 ( 'mastercard',20, 22222),
 ( 'mastercard',30, 33333),
 ( 'mastercard',40, 44444),
 ( 'mastercard',50, 55555),
 ( 'mastercard',60, 66666),
 ( 'mastercard',70, 77777),
 ( 'mastercard',80, 88888),
 ( 'mastercard',90, 99999)

-- DROP DATABASE product_market;
-- drop table discount_card;
-- drop table product;
-- drop table discount_card;
--
-- SELECT nextval('product_id_seq'::regclass);
-- select setval('product_id_seq',9);
17:09:19.259 [Test worker] INFO  org.eclipse.jetty.server.AbstractConnector - Stopped ServerConnector@2dfe5525{HTTP/1.1,[http/1.1]}{0.0.0.0:6001}
17:09:19.349 [Test worker] INFO  org.eclipse.jetty.server.Server - jetty-9.4.3.v20170317
17:09:19.355 [Test worker] INFO  org.eclipse.jetty.server.AbstractConnector - Started ServerConnector@2ab0702e{HTTP/1.1,[http/1.1]}{0.0.0.0:6001}
17:09:19.355 [Test worker] INFO  org.eclipse.jetty.server.Server - Started @10662ms
17:09:19.359 [qtp2044272973-53] INFO  edu.clevertec.check.controller.DiscountCardController - Starting DiscountCardController for GET request: /cards/2
17:09:19.443 [qtp2044272973-53] INFO  edu.clevertec.check.repository.impl.DiscountCardRepoImpl - The discountCard is find in the database: DiscountCard mastercard number 22222
17:09:19.553 [qtp2044272973-53] INFO  edu.clevertec.check.controller.DiscountCardController - Stopping DiscountCardController for GET request: /cards/2
17:09:19.667 [qtp2044272973-47] INFO  edu.clevertec.check.controller.DiscountCardController - Starting DiscountCardController for PUT request: /cards/2
17:09:19.669 [qtp2044272973-47] INFO  edu.clevertec.check.controller.DiscountCardController - Incoming JSON: {"id":2,"name":"goldCard","discount":20,"number":22222}
17:09:19.732 [qtp2044272973-47] INFO  edu.clevertec.check.repository.impl.DiscountCardRepoImpl - The entity has been updated in the database: DiscountCard goldCard number 22222
17:09:19.733 [qtp2044272973-47] INFO  edu.clevertec.check.controller.DiscountCardController - Stopping DiscountCardController for PUT request: /cards/2
 @AfterEach
--  SET "user" TO product_market_test;
-- create schema product_market_test_java;
-- SHOW search_path;
-- DROP TABLE IF EXISTS product;
-- DROP TABLE IF EXISTS discount_card;
drop table product

drop table discount_card

create table product
(
    id          SERIAL PRIMARY KEY,
    name        varchar(25),
    price        double precision,
    is_promotional boolean
)

------------------------------------------------------------
create table discount_card
(
    id   SERIAL PRIMARY KEY,
    name        varchar(25),
    discount int,
    number  int
)

insert into product ( name, price, is_promotional ) values
 ('milk', 1.0, true),
 ('brot', 1.5, false),
 ('icecream', 2.0, true),
 ('chocolate', 2.5, false),
 ('chicken', 3.0, true),
 ('pizza', 3.5, false),
 ('pudding', 4.0, true),
 ('popcorn', 4.5, false),
 ('pie', 5.0, true)

insert into discount_card (name, discount, number) values
 ( 'mastercard',10, 11111),
 ( 'mastercard',20, 22222),
 ( 'mastercard',30, 33333),
 ( 'mastercard',40, 44444),
 ( 'mastercard',50, 55555),
 ( 'mastercard',60, 66666),
 ( 'mastercard',70, 77777),
 ( 'mastercard',80, 88888),
 ( 'mastercard',90, 99999)

-- DROP DATABASE product_market;
-- drop table discount_card;
-- drop table product;
-- drop table discount_card;
--
-- SELECT nextval('product_id_seq'::regclass);
-- select setval('product_id_seq',9);
17:09:19.831 [Test worker] INFO  org.eclipse.jetty.server.AbstractConnector - Stopped ServerConnector@2ab0702e{HTTP/1.1,[http/1.1]}{0.0.0.0:6001}
17:09:19.964 [Test worker] INFO  org.eclipse.jetty.server.Server - jetty-9.4.3.v20170317
17:09:19.971 [Test worker] INFO  org.eclipse.jetty.server.AbstractConnector - Started ServerConnector@435e60ff{HTTP/1.1,[http/1.1]}{0.0.0.0:6001}
17:09:19.971 [Test worker] INFO  org.eclipse.jetty.server.Server - Started @11277ms
17:09:19.981 [qtp1858976440-63] INFO  edu.clevertec.check.controller.DiscountCardController - Starting DiscountCardController for POST request: /cards/2
17:09:19.981 [qtp1858976440-63] INFO  edu.clevertec.check.controller.DiscountCardController - Incoming JSON: {"id":2,"name":"mastercard","discount":20,"number":22222}
17:09:20.053 [qtp1858976440-63] INFO  edu.clevertec.check.repository.impl.DiscountCardRepoImpl - The discountCard is saved in the database: DiscountCard mastercard number 22222
17:09:20.054 [qtp1858976440-63] INFO  edu.clevertec.check.controller.DiscountCardController - Stopping DiscountCardController for POST request: /cards/2
 @AfterEach
--  SET "user" TO product_market_test;
-- create schema product_market_test_java;
-- SHOW search_path;
-- DROP TABLE IF EXISTS product;
-- DROP TABLE IF EXISTS discount_card;
drop table product

drop table discount_card

create table product
(
    id          SERIAL PRIMARY KEY,
    name        varchar(25),
    price        double precision,
    is_promotional boolean
)

------------------------------------------------------------
create table discount_card
(
    id   SERIAL PRIMARY KEY,
    name        varchar(25),
    discount int,
    number  int
)

insert into product ( name, price, is_promotional ) values
 ('milk', 1.0, true),
 ('brot', 1.5, false),
 ('icecream', 2.0, true),
 ('chocolate', 2.5, false),
 ('chicken', 3.0, true),
 ('pizza', 3.5, false),
 ('pudding', 4.0, true),
 ('popcorn', 4.5, false),
 ('pie', 5.0, true)

insert into discount_card (name, discount, number) values
 ( 'mastercard',10, 11111),
 ( 'mastercard',20, 22222),
 ( 'mastercard',30, 33333),
 ( 'mastercard',40, 44444),
 ( 'mastercard',50, 55555),
 ( 'mastercard',60, 66666),
 ( 'mastercard',70, 77777),
 ( 'mastercard',80, 88888),
 ( 'mastercard',90, 99999)

-- DROP DATABASE product_market;
-- drop table discount_card;
-- drop table product;
-- drop table discount_card;
--
-- SELECT nextval('product_id_seq'::regclass);
-- select setval('product_id_seq',9);
17:09:20.151 [Test worker] INFO  org.eclipse.jetty.server.AbstractConnector - Stopped ServerConnector@435e60ff{HTTP/1.1,[http/1.1]}{0.0.0.0:6001}
]]></system-out>
  <system-err><![CDATA[]]></system-err>
</testsuite>
