<?xml version="1.0" encoding="UTF-8"?>
<testsuite name="edu.clevertec.check.exception.ProductExceptionTest" tests="1" skipped="0" failures="0" errors="0" timestamp="2022-12-27T11:01:27" hostname="DESKTOP-H3UOLLG" time="0.002">
  <properties/>
  <testcase name="getMessage()" classname="edu.clevertec.check.exception.ProductExceptionTest" time="0.002"/>
  <system-out><![CDATA[]]></system-out>
  <system-err><![CDATA[]]></system-err>
</testsuite>
