<?xml version="1.0" encoding="UTF-8"?>
<testsuite name="edu.clevertec.check.controller.ProductControllerTest" tests="3" skipped="0" failures="0" errors="0" timestamp="2023-02-26T14:09:20" hostname="DESKTOP-H3UOLLG" time="0.931">
  <properties/>
  <testcase name="doDelete()" classname="edu.clevertec.check.controller.ProductControllerTest" time="0.32"/>
  <testcase name="doPut()" classname="edu.clevertec.check.controller.ProductControllerTest" time="0.357"/>
  <testcase name="doPostTest_statusOk()" classname="edu.clevertec.check.controller.ProductControllerTest" time="0.237"/>
  <system-out><![CDATA[17:09:20.939 [Test worker] INFO  org.eclipse.jetty.server.Server - jetty-9.4.3.v20170317
17:09:20.946 [Test worker] INFO  org.eclipse.jetty.server.AbstractConnector - Started ServerConnector@31a3f4de{HTTP/1.1,[http/1.1]}{0.0.0.0:6001}
17:09:20.946 [Test worker] INFO  org.eclipse.jetty.server.Server - Started @12253ms
17:09:20.973 [qtp585496942-107] INFO  edu.clevertec.check.controller.ProductController - Starting ProductController for DELrequest: /products/2
17:09:21.055 [qtp585496942-107] INFO  edu.clevertec.check.repository.impl.ProductRepoImpl - The entity was deleted in the database: id: 2
17:09:21.056 [qtp585496942-107] INFO  edu.clevertec.check.controller.ProductController - Stopping  ProductController for DELrequest: /products/2
 @AfterEach
--  SET "user" TO product_market_test;
-- create schema product_market_test_java;
-- SHOW search_path;
-- DROP TABLE IF EXISTS product;
-- DROP TABLE IF EXISTS discount_card;
drop table product

drop table discount_card

create table product
(
    id          SERIAL PRIMARY KEY,
    name        varchar(25),
    price        double precision,
    is_promotional boolean
)

------------------------------------------------------------
create table discount_card
(
    id   SERIAL PRIMARY KEY,
    name        varchar(25),
    discount int,
    number  int
)

insert into product ( name, price, is_promotional ) values
 ('milk', 1.0, true),
 ('brot', 1.5, false),
 ('icecream', 2.0, true),
 ('chocolate', 2.5, false),
 ('chicken', 3.0, true),
 ('pizza', 3.5, false),
 ('pudding', 4.0, true),
 ('popcorn', 4.5, false),
 ('pie', 5.0, true)

insert into discount_card (name, discount, number) values
 ( 'mastercard',10, 11111),
 ( 'mastercard',20, 22222),
 ( 'mastercard',30, 33333),
 ( 'mastercard',40, 44444),
 ( 'mastercard',50, 55555),
 ( 'mastercard',60, 66666),
 ( 'mastercard',70, 77777),
 ( 'mastercard',80, 88888),
 ( 'mastercard',90, 99999)

-- DROP DATABASE product_market;
-- drop table discount_card;
-- drop table product;
-- drop table discount_card;
--
-- SELECT nextval('product_id_seq'::regclass);
-- select setval('product_id_seq',9);
17:09:21.145 [Test worker] INFO  org.eclipse.jetty.server.AbstractConnector - Stopped ServerConnector@31a3f4de{HTTP/1.1,[http/1.1]}{0.0.0.0:6001}
17:09:21.251 [Test worker] INFO  org.eclipse.jetty.server.Server - jetty-9.4.3.v20170317
17:09:21.258 [Test worker] INFO  org.eclipse.jetty.server.AbstractConnector - Started ServerConnector@1894e40d{HTTP/1.1,[http/1.1]}{0.0.0.0:6001}
17:09:21.259 [Test worker] INFO  org.eclipse.jetty.server.Server - Started @12566ms
17:09:21.266 [qtp1866340787-115] INFO  edu.clevertec.check.controller.ProductController - Starting ProductController for GET request: /products/2
17:09:21.325 [qtp1866340787-115] INFO  edu.clevertec.check.repository.impl.ProductRepoImpl - The entity was found in the database: Product(id=2, name=brot, price=1.5, isPromotional=false)
17:09:21.337 [qtp1866340787-115] INFO  edu.clevertec.check.controller.ProductController - Stopping ProductController for GET request: /products/2
17:09:21.346 [qtp1866340787-121] INFO  edu.clevertec.check.controller.ProductController - Starting ProductController for PUT request: /products/2
17:09:21.347 [qtp1866340787-121] INFO  edu.clevertec.check.controller.ProductController - Incoming JSON: {"id":2,"name":"goldCard","price":1.5,"isPromotional":false}
17:09:21.404 [qtp1866340787-121] INFO  edu.clevertec.check.repository.impl.ProductRepoImpl - The entity has been updated in the database: Product(id=2, name=goldCard, price=1.5, isPromotional=false)
17:09:21.405 [qtp1866340787-121] INFO  edu.clevertec.check.controller.ProductController - Stopping ProductController for PUT request: /products/2
 @AfterEach
--  SET "user" TO product_market_test;
-- create schema product_market_test_java;
-- SHOW search_path;
-- DROP TABLE IF EXISTS product;
-- DROP TABLE IF EXISTS discount_card;
drop table product

drop table discount_card

create table product
(
    id          SERIAL PRIMARY KEY,
    name        varchar(25),
    price        double precision,
    is_promotional boolean
)

------------------------------------------------------------
create table discount_card
(
    id   SERIAL PRIMARY KEY,
    name        varchar(25),
    discount int,
    number  int
)

insert into product ( name, price, is_promotional ) values
 ('milk', 1.0, true),
 ('brot', 1.5, false),
 ('icecream', 2.0, true),
 ('chocolate', 2.5, false),
 ('chicken', 3.0, true),
 ('pizza', 3.5, false),
 ('pudding', 4.0, true),
 ('popcorn', 4.5, false),
 ('pie', 5.0, true)

insert into discount_card (name, discount, number) values
 ( 'mastercard',10, 11111),
 ( 'mastercard',20, 22222),
 ( 'mastercard',30, 33333),
 ( 'mastercard',40, 44444),
 ( 'mastercard',50, 55555),
 ( 'mastercard',60, 66666),
 ( 'mastercard',70, 77777),
 ( 'mastercard',80, 88888),
 ( 'mastercard',90, 99999)

-- DROP DATABASE product_market;
-- drop table discount_card;
-- drop table product;
-- drop table discount_card;
--
-- SELECT nextval('product_id_seq'::regclass);
-- select setval('product_id_seq',9);
17:09:21.504 [Test worker] INFO  org.eclipse.jetty.server.AbstractConnector - Stopped ServerConnector@1894e40d{HTTP/1.1,[http/1.1]}{0.0.0.0:6001}
17:09:21.586 [Test worker] INFO  org.eclipse.jetty.server.Server - jetty-9.4.3.v20170317
17:09:21.591 [Test worker] INFO  org.eclipse.jetty.server.AbstractConnector - Started ServerConnector@68d651f2{HTTP/1.1,[http/1.1]}{0.0.0.0:6001}
17:09:21.592 [Test worker] INFO  org.eclipse.jetty.server.Server - Started @12898ms
17:09:21.598 [qtp356005505-137] INFO  edu.clevertec.check.controller.ProductController - Starting ProductController for POST request: /products/2
17:09:21.598 [qtp356005505-137] INFO  edu.clevertec.check.controller.ProductController - Incoming JSON: {"id":3,"name":"icecream","price":2.0,"isPromotional":true}
17:09:21.651 [qtp356005505-137] INFO  edu.clevertec.check.repository.impl.ProductRepoImpl - The product is saved in the database: Product(id=10, name=icecream, price=2.0, isPromotional=true)
17:09:21.652 [qtp356005505-137] INFO  edu.clevertec.check.controller.ProductController - Stopping ProductController for POST request: /products/2
 @AfterEach
--  SET "user" TO product_market_test;
-- create schema product_market_test_java;
-- SHOW search_path;
-- DROP TABLE IF EXISTS product;
-- DROP TABLE IF EXISTS discount_card;
drop table product

drop table discount_card

create table product
(
    id          SERIAL PRIMARY KEY,
    name        varchar(25),
    price        double precision,
    is_promotional boolean
)

------------------------------------------------------------
create table discount_card
(
    id   SERIAL PRIMARY KEY,
    name        varchar(25),
    discount int,
    number  int
)

insert into product ( name, price, is_promotional ) values
 ('milk', 1.0, true),
 ('brot', 1.5, false),
 ('icecream', 2.0, true),
 ('chocolate', 2.5, false),
 ('chicken', 3.0, true),
 ('pizza', 3.5, false),
 ('pudding', 4.0, true),
 ('popcorn', 4.5, false),
 ('pie', 5.0, true)

insert into discount_card (name, discount, number) values
 ( 'mastercard',10, 11111),
 ( 'mastercard',20, 22222),
 ( 'mastercard',30, 33333),
 ( 'mastercard',40, 44444),
 ( 'mastercard',50, 55555),
 ( 'mastercard',60, 66666),
 ( 'mastercard',70, 77777),
 ( 'mastercard',80, 88888),
 ( 'mastercard',90, 99999)

-- DROP DATABASE product_market;
-- drop table discount_card;
-- drop table product;
-- drop table discount_card;
--
-- SELECT nextval('product_id_seq'::regclass);
-- select setval('product_id_seq',9);
17:09:21.750 [Test worker] INFO  org.eclipse.jetty.server.AbstractConnector - Stopped ServerConnector@68d651f2{HTTP/1.1,[http/1.1]}{0.0.0.0:6001}
]]></system-out>
  <system-err><![CDATA[]]></system-err>
</testsuite>
