<?xml version="1.0" encoding="UTF-8"?>
<testsuite name="edu.clevertec.check.service.impl.DiscountCardServiceImplTest$DeleteDiscountCardTest" tests="1" skipped="0" failures="0" errors="0" timestamp="2023-02-26T14:09:30" hostname="DESKTOP-H3UOLLG" time="0.367">
  <properties/>
  <testcase name="deleteDiscountCardById()" classname="edu.clevertec.check.service.impl.DiscountCardServiceImplTest$DeleteDiscountCardTest" time="0.367"/>
  <system-out><![CDATA[]]></system-out>
  <system-err><![CDATA[]]></system-err>
</testsuite>
