<?xml version="1.0" encoding="UTF-8"?>
<testsuite name="edu.clevertec.check.service.impl.ProductServiceImplTest" tests="6" skipped="0" failures="0" errors="0" timestamp="2023-02-20T09:06:12" hostname="DESKTOP-H3UOLLG" time="0.805">
  <properties/>
  <testcase name="delete()" classname="edu.clevertec.check.service.impl.ProductServiceImplTest" time="0.119"/>
  <testcase name="testFindAll()" classname="edu.clevertec.check.service.impl.ProductServiceImplTest" time="0.118"/>
  <testcase name="findAll()" classname="edu.clevertec.check.service.impl.ProductServiceImplTest" time="0.116"/>
  <testcase name="update()" classname="edu.clevertec.check.service.impl.ProductServiceImplTest" time="0.117"/>
  <testcase name="findById()" classname="edu.clevertec.check.service.impl.ProductServiceImplTest" time="0.112"/>
  <testcase name="save()" classname="edu.clevertec.check.service.impl.ProductServiceImplTest" time="0.219"/>
  <system-out><![CDATA[]]></system-out>
  <system-err><![CDATA[]]></system-err>
</testsuite>
