<?xml version="1.0" encoding="UTF-8"?>
<testsuite name="edu.clevertec.check.service.impl.ProductServiceImplTest$FindAllListProduct" tests="2" skipped="0" failures="0" errors="0" timestamp="2023-02-26T14:09:31" hostname="DESKTOP-H3UOLLG" time="0.007">
  <properties/>
  <testcase name="findAllPageSizeAndSizeListProduct()" classname="edu.clevertec.check.service.impl.ProductServiceImplTest$FindAllListProduct" time="0.004"/>
  <testcase name="findAllSizeProduct()" classname="edu.clevertec.check.service.impl.ProductServiceImplTest$FindAllListProduct" time="0.002"/>
  <system-out><![CDATA[]]></system-out>
  <system-err><![CDATA[]]></system-err>
</testsuite>
