<?xml version="1.0" encoding="UTF-8"?>
<testsuite name="edu.clevertec.check.service.OutputCheckServiceTest" tests="2" skipped="0" failures="0" errors="0" timestamp="2022-12-27T11:01:29" hostname="DESKTOP-H3UOLLG" time="1.146">
  <properties/>
  <testcase name="printCheckToFile()" classname="edu.clevertec.check.service.OutputCheckServiceTest" time="0.003"/>
  <testcase name="printCheckToConsole()" classname="edu.clevertec.check.service.OutputCheckServiceTest" time="1.142"/>
  <system-out><![CDATA[]]></system-out>
  <system-err><![CDATA[]]></system-err>
</testsuite>
