<?xml version="1.0" encoding="UTF-8"?>
<testsuite name="edu.clevertec.check.exception.DiscountCardExceptionTest" tests="1" skipped="0" failures="0" errors="0" timestamp="2023-02-20T09:06:06" hostname="DESKTOP-H3UOLLG" time="0.002">
  <properties/>
  <testcase name="getMessage()" classname="edu.clevertec.check.exception.DiscountCardExceptionTest" time="0.002"/>
  <system-out><![CDATA[]]></system-out>
  <system-err><![CDATA[]]></system-err>
</testsuite>
