<?xml version="1.0" encoding="UTF-8"?>
<testsuite name="edu.clevertec.check.service.impl.ProductServiceImplTest$FindByIdProductTest" tests="1" skipped="0" failures="0" errors="0" timestamp="2023-02-26T14:09:31" hostname="DESKTOP-H3UOLLG" time="0.004">
  <properties/>
  <testcase name="findByIdProduct()" classname="edu.clevertec.check.service.impl.ProductServiceImplTest$FindByIdProductTest" time="0.004"/>
  <system-out><![CDATA[]]></system-out>
  <system-err><![CDATA[]]></system-err>
</testsuite>
