<?xml version="1.0" encoding="UTF-8"?>
<testsuite name="edu.clevertec.check.repository.impl.ProductRepoImplTest$FindAllListProductTest" tests="2" skipped="0" failures="0" errors="0" timestamp="2023-02-26T14:09:28" hostname="DESKTOP-H3UOLLG" time="0.331">
  <properties/>
  <testcase name="findAllPageSizeAndSizeListProduct()" classname="edu.clevertec.check.repository.impl.ProductRepoImplTest$FindAllListProductTest" time="0.154"/>
  <testcase name="testFindAllPageSizeListProduct()" classname="edu.clevertec.check.repository.impl.ProductRepoImplTest$FindAllListProductTest" time="0.176"/>
  <system-out><![CDATA[17:09:28.345 [Test worker] INFO  edu.clevertec.check.repository.impl.ProductRepoImpl - The entity was found in the database: Product(id=1, name=milk, price=1.0, isPromotional=true)
17:09:28.346 [Test worker] INFO  edu.clevertec.check.repository.impl.ProductRepoImpl - The entity was found in the database: Product(id=2, name=brot, price=1.5, isPromotional=false)
17:09:28.346 [Test worker] INFO  edu.clevertec.check.repository.impl.ProductRepoImpl - The entity was found in the database: Product(id=3, name=icecream, price=2.0, isPromotional=true)
17:09:28.346 [Test worker] INFO  edu.clevertec.check.repository.impl.ProductRepoImpl - The entity was found in the database: Product(id=4, name=chocolate, price=2.5, isPromotional=false)
17:09:28.346 [Test worker] INFO  edu.clevertec.check.repository.impl.ProductRepoImpl - The entity was found in the database: Product(id=5, name=chicken, price=3.0, isPromotional=true)
17:09:28.346 [Test worker] INFO  edu.clevertec.check.repository.impl.ProductRepoImpl - The entity was found in the database: Product(id=6, name=pizza, price=3.5, isPromotional=false)
17:09:28.346 [Test worker] INFO  edu.clevertec.check.repository.impl.ProductRepoImpl - The entity was found in the database: Product(id=7, name=pudding, price=4.0, isPromotional=true)
17:09:28.346 [Test worker] INFO  edu.clevertec.check.repository.impl.ProductRepoImpl - The entity was found in the database: Product(id=8, name=popcorn, price=4.5, isPromotional=false)
17:09:28.346 [Test worker] INFO  edu.clevertec.check.repository.impl.ProductRepoImpl - The entity was found in the database: Product(id=9, name=pie, price=5.0, isPromotional=true)
 @AfterEach
--  SET "user" TO product_market_test;
-- create schema product_market_test_java;
-- SHOW search_path;
-- DROP TABLE IF EXISTS product;
-- DROP TABLE IF EXISTS discount_card;
drop table product

drop table discount_card

create table product
(
    id          SERIAL PRIMARY KEY,
    name        varchar(25),
    price        double precision,
    is_promotional boolean
)

------------------------------------------------------------
create table discount_card
(
    id   SERIAL PRIMARY KEY,
    name        varchar(25),
    discount int,
    number  int
)

insert into product ( name, price, is_promotional ) values
 ('milk', 1.0, true),
 ('brot', 1.5, false),
 ('icecream', 2.0, true),
 ('chocolate', 2.5, false),
 ('chicken', 3.0, true),
 ('pizza', 3.5, false),
 ('pudding', 4.0, true),
 ('popcorn', 4.5, false),
 ('pie', 5.0, true)

insert into discount_card (name, discount, number) values
 ( 'mastercard',10, 11111),
 ( 'mastercard',20, 22222),
 ( 'mastercard',30, 33333),
 ( 'mastercard',40, 44444),
 ( 'mastercard',50, 55555),
 ( 'mastercard',60, 66666),
 ( 'mastercard',70, 77777),
 ( 'mastercard',80, 88888),
 ( 'mastercard',90, 99999)

-- DROP DATABASE product_market;
-- drop table discount_card;
-- drop table product;
-- drop table discount_card;
--
-- SELECT nextval('product_id_seq'::regclass);
-- select setval('product_id_seq',9);
17:09:28.518 [Test worker] INFO  edu.clevertec.check.repository.impl.ProductRepoImpl - The entity was found in the database: Product(id=1, name=milk, price=1.0, isPromotional=true)
17:09:28.518 [Test worker] INFO  edu.clevertec.check.repository.impl.ProductRepoImpl - The entity was found in the database: Product(id=2, name=brot, price=1.5, isPromotional=false)
17:09:28.518 [Test worker] INFO  edu.clevertec.check.repository.impl.ProductRepoImpl - The entity was found in the database: Product(id=3, name=icecream, price=2.0, isPromotional=true)
17:09:28.518 [Test worker] INFO  edu.clevertec.check.repository.impl.ProductRepoImpl - The entity was found in the database: Product(id=4, name=chocolate, price=2.5, isPromotional=false)
17:09:28.518 [Test worker] INFO  edu.clevertec.check.repository.impl.ProductRepoImpl - The entity was found in the database: Product(id=5, name=chicken, price=3.0, isPromotional=true)
17:09:28.519 [Test worker] INFO  edu.clevertec.check.repository.impl.ProductRepoImpl - The entity was found in the database: Product(id=6, name=pizza, price=3.5, isPromotional=false)
17:09:28.519 [Test worker] INFO  edu.clevertec.check.repository.impl.ProductRepoImpl - The entity was found in the database: Product(id=7, name=pudding, price=4.0, isPromotional=true)
17:09:28.519 [Test worker] INFO  edu.clevertec.check.repository.impl.ProductRepoImpl - The entity was found in the database: Product(id=8, name=popcorn, price=4.5, isPromotional=false)
17:09:28.519 [Test worker] INFO  edu.clevertec.check.repository.impl.ProductRepoImpl - The entity was found in the database: Product(id=9, name=pie, price=5.0, isPromotional=true)
 @AfterEach
--  SET "user" TO product_market_test;
-- create schema product_market_test_java;
-- SHOW search_path;
-- DROP TABLE IF EXISTS product;
-- DROP TABLE IF EXISTS discount_card;
drop table product

drop table discount_card

create table product
(
    id          SERIAL PRIMARY KEY,
    name        varchar(25),
    price        double precision,
    is_promotional boolean
)

------------------------------------------------------------
create table discount_card
(
    id   SERIAL PRIMARY KEY,
    name        varchar(25),
    discount int,
    number  int
)

insert into product ( name, price, is_promotional ) values
 ('milk', 1.0, true),
 ('brot', 1.5, false),
 ('icecream', 2.0, true),
 ('chocolate', 2.5, false),
 ('chicken', 3.0, true),
 ('pizza', 3.5, false),
 ('pudding', 4.0, true),
 ('popcorn', 4.5, false),
 ('pie', 5.0, true)

insert into discount_card (name, discount, number) values
 ( 'mastercard',10, 11111),
 ( 'mastercard',20, 22222),
 ( 'mastercard',30, 33333),
 ( 'mastercard',40, 44444),
 ( 'mastercard',50, 55555),
 ( 'mastercard',60, 66666),
 ( 'mastercard',70, 77777),
 ( 'mastercard',80, 88888),
 ( 'mastercard',90, 99999)

-- DROP DATABASE product_market;
-- drop table discount_card;
-- drop table product;
-- drop table discount_card;
--
-- SELECT nextval('product_id_seq'::regclass);
-- select setval('product_id_seq',9);
]]></system-out>
  <system-err><![CDATA[]]></system-err>
</testsuite>
